[debug] [2022-05-15T05:48:19.673Z] ----------------------------------------------------------------------
[debug] [2022-05-15T05:48:19.677Z] Command:       C:\Program Files\nodejs\node.exe C:\Users\user\AppData\Roaming\npm\node_modules\firebase-tools\lib\bin\firebase.js emulators:start --import=./.firebase/emulator_data --export-on-exit
[debug] [2022-05-15T05:48:19.679Z] CLI Version:   10.7.0
[debug] [2022-05-15T05:48:19.679Z] Platform:      win32
[debug] [2022-05-15T05:48:19.680Z] Node Version:  v16.14.2
[debug] [2022-05-15T05:48:19.697Z] Time:          Sun May 15 2022 08:48:19 GMT+0300 (GMT+03:00)
[debug] [2022-05-15T05:48:19.697Z] ----------------------------------------------------------------------
[debug] 
[debug] [2022-05-15T05:48:20.042Z] > command requires scopes: ["email","openid","https://www.googleapis.com/auth/cloudplatformprojects.readonly","https://www.googleapis.com/auth/firebase","https://www.googleapis.com/auth/cloud-platform"]
[debug] [2022-05-15T05:48:20.043Z] > authorizing via signed-in user (eyupdemir@gmail.com)
[debug] [2022-05-15T05:48:21.005Z] java version "1.8.0_331"
[debug] [2022-05-15T05:48:21.007Z] 
Java(TM) SE Runtime Environment (build 1.8.0_331-b09)
Java HotSpot(TM) 64-Bit Server VM (build 25.331-b09, mixed mode)

[debug] [2022-05-15T05:48:21.541Z] Parsed Java major version: 1
[warn] !  emulators: Support for Java version <= 10 will be dropped soon in firebase-tools@11. Please upgrade to Java version 11 or above to continue using the emulators. 
[info] i  emulators: Starting emulators: auth, functions, firestore, hosting, storage {"metadata":{"emulator":{"name":"hub"},"message":"Starting emulators: auth, functions, firestore, hosting, storage"}}
[debug] [2022-05-15T05:48:21.895Z] [hub] writing locator at C:\Users\user\AppData\Local\Temp\hub-pinfollowerr.json
[warn] !  functions: The functions emulator is configured but there is no functions source directory. Have you run firebase init functions? {"metadata":{"emulator":{"name":"functions"},"message":"The functions emulator is configured but there is no functions source directory. Have you run \u001b[1mfirebase init functions\u001b[22m?"}}
[info] i  firestore: Importing data from D:\Yazılım\React\PinFollower\.firebase\emulator_data\firestore_export\firestore_export.overall_export_metadata {"metadata":{"emulator":{"name":"firestore"},"message":"Importing data from D:\\Yazılım\\React\\PinFollower\\.firebase\\emulator_data\\firestore_export\\firestore_export.overall_export_metadata"}}
[debug] [2022-05-15T05:48:22.028Z] Ignoring unsupported arg: projectId {"metadata":{"emulator":{"name":"firestore"},"message":"Ignoring unsupported arg: projectId"}}
[debug] [2022-05-15T05:48:22.028Z] Ignoring unsupported arg: auto_download {"metadata":{"emulator":{"name":"firestore"},"message":"Ignoring unsupported arg: auto_download"}}
[debug] [2022-05-15T05:48:22.029Z] Starting Firestore Emulator with command {"binary":"java","args":["-Dgoogle.cloud_firestore.debug_log_level=FINE","-Duser.language=en","-jar","C:\\Users\\user\\.cache\\firebase\\emulators\\cloud-firestore-emulator-v1.14.3.jar","--host","localhost","--port",8080,"--seed_from_export","D:\\Yazılım\\React\\PinFollower\\.firebase\\emulator_data\\firestore_export\\firestore_export.overall_export_metadata","--rules","D:\\Yazılım\\React\\PinFollower\\firestore.rules"],"optionalArgs":["port","webchannel_port","host","rules","functions_emulator","seed_from_export"],"joinArgs":false} {"metadata":{"emulator":{"name":"firestore"},"message":"Starting Firestore Emulator with command {\"binary\":\"java\",\"args\":[\"-Dgoogle.cloud_firestore.debug_log_level=FINE\",\"-Duser.language=en\",\"-jar\",\"C:\\\\Users\\\\user\\\\.cache\\\\firebase\\\\emulators\\\\cloud-firestore-emulator-v1.14.3.jar\",\"--host\",\"localhost\",\"--port\",8080,\"--seed_from_export\",\"D:\\\\Yazılım\\\\React\\\\PinFollower\\\\.firebase\\\\emulator_data\\\\firestore_export\\\\firestore_export.overall_export_metadata\",\"--rules\",\"D:\\\\Yazılım\\\\React\\\\PinFollower\\\\firestore.rules\"],\"optionalArgs\":[\"port\",\"webchannel_port\",\"host\",\"rules\",\"functions_emulator\",\"seed_from_export\"],\"joinArgs\":false}"}}
[info] i  firestore: Firestore Emulator logging to firestore-debug.log {"metadata":{"emulator":{"name":"firestore"},"message":"Firestore Emulator logging to \u001b[1mfirestore-debug.log\u001b[22m"}}
[debug] [2022-05-15T05:48:38.839Z] May 15, 2022 8:48:38 AM com.google.cloud.datastore.emulator.firestore.websocket.WebSocketServer start
INFO: Started WebSocket server on ws://localhost:58142
 {"metadata":{"emulator":{"name":"firestore"},"message":"May 15, 2022 8:48:38 AM com.google.cloud.datastore.emulator.firestore.websocket.WebSocketServer start\r\nINFO: Started WebSocket server on ws://localhost:58142\r\n"}}
[debug] [2022-05-15T05:48:39.018Z] API endpoint: http:// {"metadata":{"emulator":{"name":"firestore"},"message":"API endpoint: http://"}}
[debug] [2022-05-15T05:48:39.019Z] localhost:8080
If you are using a library that supports the FIRESTORE_EMULATOR_HOST environment variable, run:

   export FIRESTORE_EMULATOR_HOST=localhost:8080

Dev App Server is now running.

 {"metadata":{"emulator":{"name":"firestore"},"message":"localhost:8080\nIf you are using a library that supports the FIRESTORE_EMULATOR_HOST environment variable, run:\r\n\n   export FIRESTORE_EMULATOR_HOST=localhost:8080\n\nDev App Server is now running.\n\r\n"}}
